<?xml version="1.0" encoding="UTF-8"?>
<testng-results ignored="0" total="3" passed="3" failed="0" skipped="0">
  <reporter-output>
  </reporter-output>
  <suite started-at="2021-05-26T20:51:39 GMT+02:00" name="Default suite" finished-at="2021-05-26T20:51:47 GMT+02:00" duration-ms="7083">
    <groups>
    </groups>
    <test started-at="2021-05-26T20:51:39 GMT+02:00" name="Default test" finished-at="2021-05-26T20:51:47 GMT+02:00" duration-ms="7083">
      <class name="Rest_Assured.TestCases">
        <test-method signature="getUserDetails_35()[pri:0, instance:Rest_Assured.TestCases@2f112965]" started-at="2021-05-26T20:51:39 GMT+02:00" name="getUserDetails_35" finished-at="2021-05-26T20:51:45 GMT+02:00" duration-ms="5195" status="PASS">
          <reporter-output>
          </reporter-output>
        </test-method> <!-- getUserDetails_35 -->
        <test-method signature="postRequest()[pri:0, instance:Rest_Assured.TestCases@2f112965]" started-at="2021-05-26T20:51:45 GMT+02:00" name="postRequest" finished-at="2021-05-26T20:51:45 GMT+02:00" duration-ms="757" status="PASS">
          <reporter-output>
          </reporter-output>
        </test-method> <!-- postRequest -->
        <test-method signature="validateAccountData()[pri:0, instance:Rest_Assured.TestCases@2f112965]" started-at="2021-05-26T20:51:45 GMT+02:00" name="validateAccountData" finished-at="2021-05-26T20:51:47 GMT+02:00" duration-ms="1080" status="PASS">
          <reporter-output>
          </reporter-output>
        </test-method> <!-- validateAccountData -->
      </class> <!-- Rest_Assured.TestCases -->
    </test> <!-- Default test -->
  </suite> <!-- Default suite -->
</testng-results>
