<?xml version="1.0" encoding="UTF-8"?>
<testng-results ignored="0" total="4" passed="4" failed="0" skipped="0">
  <reporter-output>
  </reporter-output>
  <suite started-at="2021-05-26T19:59:48 GMT+02:00" name="Default suite" finished-at="2021-05-26T20:00:45 GMT+02:00" duration-ms="56617">
    <groups>
    </groups>
    <test started-at="2021-05-26T19:59:48 GMT+02:00" name="Default test" finished-at="2021-05-26T20:00:45 GMT+02:00" duration-ms="56617">
      <class name="tests.CartCheckoutTest">
        <test-method is-config="true" signature="startDriver()[pri:0, instance:tests.CartCheckoutTest@3e58a80e]" started-at="2021-05-26T19:59:27 GMT+02:00" name="startDriver" finished-at="2021-05-26T19:59:48 GMT+02:00" duration-ms="21465" status="PASS">
          <reporter-output>
          </reporter-output>
        </test-method> <!-- startDriver -->
        <test-method signature="TestLogin(java.lang.String,java.lang.String)[pri:1, instance:tests.CartCheckoutTest@3e58a80e]" started-at="2021-05-26T19:59:48 GMT+02:00" name="TestLogin" data-provider="data" finished-at="2021-05-26T19:59:57 GMT+02:00" duration-ms="8374" status="PASS">
          <params>
            <param index="0">
              <value>
                <![CDATA[sam.her2222@yahoo.com]]>
              </value>
            </param>
            <param index="1">
              <value>
                <![CDATA[123@test]]>
              </value>
            </param>
          </params>
          <reporter-output>
          </reporter-output>
        </test-method> <!-- TestLogin -->
        <test-method signature="searchBlouses()[pri:2, instance:tests.CartCheckoutTest@3e58a80e]" started-at="2021-05-26T19:59:57 GMT+02:00" name="searchBlouses" finished-at="2021-05-26T20:00:09 GMT+02:00" duration-ms="12171" status="PASS">
          <reporter-output>
          </reporter-output>
        </test-method> <!-- searchBlouses -->
        <test-method signature="SelectResultedProduct()[pri:0, instance:tests.CartCheckoutTest@3e58a80e]" started-at="2021-05-26T20:00:09 GMT+02:00" name="SelectResultedProduct" finished-at="2021-05-26T20:00:16 GMT+02:00" depends-on-methods="tests.CartCheckoutTest.searchBlouses" duration-ms="7190" status="PASS">
          <reporter-output>
          </reporter-output>
        </test-method> <!-- SelectResultedProduct -->
        <test-method signature="checkProceedCheckOutsuccessfully()[pri:0, instance:tests.CartCheckoutTest@3e58a80e]" started-at="2021-05-26T20:00:16 GMT+02:00" name="checkProceedCheckOutsuccessfully" finished-at="2021-05-26T20:00:45 GMT+02:00" depends-on-methods="tests.CartCheckoutTest.SelectResultedProduct" duration-ms="28592" status="PASS">
          <reporter-output>
          </reporter-output>
        </test-method> <!-- checkProceedCheckOutsuccessfully -->
        <test-method is-config="true" signature="stopDriver()[pri:0, instance:tests.CartCheckoutTest@3e58a80e]" started-at="2021-05-26T20:00:45 GMT+02:00" name="stopDriver" finished-at="2021-05-26T20:00:46 GMT+02:00" duration-ms="787" status="PASS">
          <reporter-output>
          </reporter-output>
        </test-method> <!-- stopDriver -->
      </class> <!-- tests.CartCheckoutTest -->
    </test> <!-- Default test -->
  </suite> <!-- Default suite -->
</testng-results>
