<?xml version="1.0" encoding="UTF-8"?>
<!-- Generated by org.testng.reporters.JUnitXMLReporter -->
<testsuite ignored="0" hostname="US-5CG9363CLV" failures="0" tests="3" name="Default test" time="7.083" errors="0" timestamp="2021-05-26T20:51:47 GMT+02:00">
  <testcase classname="Rest_Assured.TestCases" name="getUserDetails_35" time="5.195"/>
  <testcase classname="Rest_Assured.TestCases" name="postRequest" time="0.757"/>
  <testcase classname="Rest_Assured.TestCases" name="validateAccountData" time="1.08"/>
</testsuite> <!-- Default test -->
