<?xml version="1.0" encoding="UTF-8"?>
<!-- Generated by org.testng.reporters.JUnitXMLReporter -->
<testsuite ignored="0" hostname="US-5CG9363CLV" failures="0" tests="4" name="Default test" time="56.617" errors="0" timestamp="2021-05-26T20:00:45 GMT+02:00">
  <testcase classname="tests.CartCheckoutTest" name="TestLogin" time="8.374"/>
  <testcase classname="tests.CartCheckoutTest" name="searchBlouses" time="12.171"/>
  <testcase classname="tests.CartCheckoutTest" name="SelectResultedProduct" time="7.19"/>
  <testcase classname="tests.CartCheckoutTest" name="checkProceedCheckOutsuccessfully" time="28.592"/>
</testsuite> <!-- Default test -->
